Build started 13/08/2016 17:10:24.
     1>Project "C:\Users\Josh\Desktop\JoshMathsGitRepo\JoshMaths\JoshMathsUnitTest\JoshMathsUnitTest.vcxproj" on node 2 (Build target(s)).
     1>Link:
         C:\Program Files (x86)\Microsoft Visual Studio 12.0\VC\bin\link.exe /ERRORREPORT:PROMPT /OUT:"C:\Users\Josh\Desktop\JoshMathsGitRepo\JoshMaths\Release\JoshMathsUnitTest.dll" /INCREMENTAL /NOLOGO /LIBPATH:"C:\Program Files (x86)\Microsoft Visual Studio 12.0\VC\UnitTest\lib" /LIBPATH:C:\Users\Josh\Desktop\JoshMathsGitRepo\JoshMaths\Release "Josh Maths.lib" kernel32.lib user32.lib gdi32.lib winspool.lib comdlg32.lib advapi32.lib shell32.lib ole32.lib oleaut32.lib uuid.lib odbc32.lib odbccp32.lib /MANIFEST /MANIFESTUAC:"level='asInvoker' uiAccess='false'" /manifest:embed /DEBUG /PDB:"C:\Users\Josh\Desktop\JoshMathsGitRepo\JoshMaths\Release\JoshMathsUnitTest.pdb" /SUBSYSTEM:WINDOWS /OPT:REF /OPT:ICF /LTCG /TLBID:1 /DYNAMICBASE /NXCOMPAT /IMPLIB:"C:\Users\Josh\Desktop\JoshMathsGitRepo\JoshMaths\Release\JoshMathsUnitTest.lib" /MACHINE:X86 /SAFESEH /DLL Release\InterpolationMathTests.obj
         Release\MatrixMathTests.obj
         Release\PhysicsTests.obj
         Release\QuaternionMathTests.obj
         Release\stdafx.obj
         Release\unittest1.obj
         Release\VectorMathTests.obj
         Release\VolumeIntersectionTests.obj
     1>LINK : warning LNK4075: ignoring '/INCREMENTAL' due to '/LTCG' specification
            Creating library C:\Users\Josh\Desktop\JoshMathsGitRepo\JoshMaths\Release\JoshMathsUnitTest.lib and object C:\Users\Josh\Desktop\JoshMathsGitRepo\JoshMaths\Release\JoshMathsUnitTest.exp
     1>InterpolationMathTests.obj : error LNK2001: unresolved external symbol "float __cdecl Math::Interpolation::interpolationWeight(float,float,float)" (?interpolationWeight@Interpolation@Math@@YAMMMM@Z)
     1>InterpolationMathTests.obj : error LNK2001: unresolved external symbol "float __cdecl Math::Interpolation::triLerp(float,float,float,float,float,float,float,float,float,float,float)" (?triLerp@Interpolation@Math@@YAMMMMMMMMMMMM@Z)
     1>InterpolationMathTests.obj : error LNK2001: unresolved external symbol "float __cdecl Math::Interpolation::lerp(float,float,float)" (?lerp@Interpolation@Math@@YAMMMM@Z)
     1>InterpolationMathTests.obj : error LNK2001: unresolved external symbol "struct Vector2D __cdecl Math::Interpolation::lerp(struct Vector2D const &,struct Vector2D const &,float)" (?lerp@Interpolation@Math@@YA?AUVector2D@@ABU3@0M@Z)
     1>InterpolationMathTests.obj : error LNK2001: unresolved external symbol "struct Vector3D __cdecl Math::Interpolation::lerp(struct Vector3D const &,struct Vector3D const &,float)" (?lerp@Interpolation@Math@@YA?AUVector3D@@ABU3@0M@Z)
     1>InterpolationMathTests.obj : error LNK2001: unresolved external symbol "struct Quaternion __cdecl Math::Interpolation::lerp(struct Quaternion const &,struct Quaternion const &,float)" (?lerp@Interpolation@Math@@YA?AUQuaternion@@ABU3@0M@Z)
     1>InterpolationMathTests.obj : error LNK2001: unresolved external symbol "float __cdecl Math::Interpolation::biLerp(float,float,float,float,float,float)" (?biLerp@Interpolation@Math@@YAMMMMMMM@Z)
     1>PhysicsTests.obj : error LNK2001: unresolved external symbol "struct Vector2D __cdecl Math::Physics::netForce(struct Vector2D const *,unsigned int)" (?netForce@Physics@Math@@YA?AUVector2D@@PBU3@I@Z)
     1>PhysicsTests.obj : error LNK2001: unresolved external symbol "float __cdecl Math::Physics::speed(struct Vector2D const &)" (?speed@Physics@Math@@YAMABUVector2D@@@Z)
     1>VectorMathTests.obj : error LNK2001: unresolved external symbol "float __cdecl Math::VectorMath::magnitudeSquared(struct Vector2D const &)" (?magnitudeSquared@VectorMath@Math@@YAMABUVector2D@@@Z)
     1>VectorMathTests.obj : error LNK2001: unresolved external symbol "float __cdecl Math::VectorMath::magnitudeSquared(struct Vector3D const &)" (?magnitudeSquared@VectorMath@Math@@YAMABUVector3D@@@Z)
     1>VolumeIntersectionTests.obj : error LNK2001: unresolved external symbol "float __cdecl Math::VolumeIntersection::rayDistanceToCollisionFast(struct Ray2D const &,struct BoundingBox const &)" (?rayDistanceToCollisionFast@VolumeIntersection@Math@@YAMABURay2D@@ABUBoundingBox@@@Z)
     1>VolumeIntersectionTests.obj : error LNK2001: unresolved external symbol "float __cdecl Math::VolumeIntersection::rayDistanceToCollisionFast(struct Ray2D const &,struct BoundingCircle const &)" (?rayDistanceToCollisionFast@VolumeIntersection@Math@@YAMABURay2D@@ABUBoundingCircle@@@Z)
     1>VolumeIntersectionTests.obj : error LNK2001: unresolved external symbol "float __cdecl Math::VolumeIntersection::rayDistanceToCollisionFast(struct Ray3D const &,struct BoundingSphere const &)" (?rayDistanceToCollisionFast@VolumeIntersection@Math@@YAMABURay3D@@ABUBoundingSphere@@@Z)
     1>VolumeIntersectionTests.obj : error LNK2001: unresolved external symbol "float __cdecl Math::VolumeIntersection::rayDistanceToCollisionFast(struct Ray3D const &,struct BoundingCube const &)" (?rayDistanceToCollisionFast@VolumeIntersection@Math@@YAMABURay3D@@ABUBoundingCube@@@Z)
     1>VolumeIntersectionTests.obj : error LNK2001: unresolved external symbol "bool __cdecl Math::VolumeIntersection::volumeInRayPath(struct Ray2D const &,struct BoundingBox const &)" (?volumeInRayPath@VolumeIntersection@Math@@YA_NABURay2D@@ABUBoundingBox@@@Z)
     1>VolumeIntersectionTests.obj : error LNK2001: unresolved external symbol "bool __cdecl Math::VolumeIntersection::volumeInRayPath(struct Ray2D const &,struct BoundingCircle const &)" (?volumeInRayPath@VolumeIntersection@Math@@YA_NABURay2D@@ABUBoundingCircle@@@Z)
     1>VolumeIntersectionTests.obj : error LNK2001: unresolved external symbol "bool __cdecl Math::VolumeIntersection::volumeInRayPath(struct Ray3D const &,struct BoundingSphere const &)" (?volumeInRayPath@VolumeIntersection@Math@@YA_NABURay3D@@ABUBoundingSphere@@@Z)
     1>VolumeIntersectionTests.obj : error LNK2001: unresolved external symbol "bool __cdecl Math::VolumeIntersection::volumeInRayPath(struct Ray3D const &,struct BoundingCube const &)" (?volumeInRayPath@VolumeIntersection@Math@@YA_NABURay3D@@ABUBoundingCube@@@Z)
     1>VolumeIntersectionTests.obj : error LNK2001: unresolved external symbol "float __cdecl Math::VolumeIntersection::rayDistanceToCollisionTrace(struct Ray2D const &,struct BoundingBox const &,float,float)" (?rayDistanceToCollisionTrace@VolumeIntersection@Math@@YAMABURay2D@@ABUBoundingBox@@MM@Z)
     1>VolumeIntersectionTests.obj : error LNK2001: unresolved external symbol "float __cdecl Math::VolumeIntersection::rayDistanceToCollisionTrace(struct Ray2D const &,struct BoundingCircle const &,float,float)" (?rayDistanceToCollisionTrace@VolumeIntersection@Math@@YAMABURay2D@@ABUBoundingCircle@@MM@Z)
     1>VolumeIntersectionTests.obj : error LNK2001: unresolved external symbol "float __cdecl Math::VolumeIntersection::rayDistanceToCollisionTrace(struct Ray3D const &,struct BoundingCube const &,float,float)" (?rayDistanceToCollisionTrace@VolumeIntersection@Math@@YAMABURay3D@@ABUBoundingCube@@MM@Z)
     1>VolumeIntersectionTests.obj : error LNK2001: unresolved external symbol "bool __cdecl Math::VolumeIntersection::volumesOverlap(struct BoundingBox const &,struct BoundingBox const &)" (?volumesOverlap@VolumeIntersection@Math@@YA_NABUBoundingBox@@0@Z)
     1>VolumeIntersectionTests.obj : error LNK2001: unresolved external symbol "bool __cdecl Math::VolumeIntersection::volumesOverlap(struct BoundingCircle const &,struct BoundingCircle const &)" (?volumesOverlap@VolumeIntersection@Math@@YA_NABUBoundingCircle@@0@Z)
     1>VolumeIntersectionTests.obj : error LNK2001: unresolved external symbol "bool __cdecl Math::VolumeIntersection::volumesOverlap(struct BoundingSphere const &,struct BoundingSphere const &)" (?volumesOverlap@VolumeIntersection@Math@@YA_NABUBoundingSphere@@0@Z)
     1>VolumeIntersectionTests.obj : error LNK2001: unresolved external symbol "bool __cdecl Math::VolumeIntersection::volumesOverlap(struct BoundingCube const &,struct BoundingCube const &)" (?volumesOverlap@VolumeIntersection@Math@@YA_NABUBoundingCube@@0@Z)
     1>VolumeIntersectionTests.obj : error LNK2001: unresolved external symbol "float __cdecl Math::VolumeIntersection::rayDistanceToCollisionReverseTrace(struct Ray2D const &,struct BoundingBox const &,float)" (?rayDistanceToCollisionReverseTrace@VolumeIntersection@Math@@YAMABURay2D@@ABUBoundingBox@@M@Z)
     1>VolumeIntersectionTests.obj : error LNK2001: unresolved external symbol "float __cdecl Math::VolumeIntersection::rayDistanceToCollisionReverseTrace(struct Ray2D const &,struct BoundingCircle const &,float)" (?rayDistanceToCollisionReverseTrace@VolumeIntersection@Math@@YAMABURay2D@@ABUBoundingCircle@@M@Z)
     1>VolumeIntersectionTests.obj : error LNK2001: unresolved external symbol "float __cdecl Math::VolumeIntersection::rayDistanceToCollisionReverseTrace(struct Ray3D const &,struct BoundingSphere const &,float)" (?rayDistanceToCollisionReverseTrace@VolumeIntersection@Math@@YAMABURay3D@@ABUBoundingSphere@@M@Z)
     1>VolumeIntersectionTests.obj : error LNK2001: unresolved external symbol "float __cdecl Math::VolumeIntersection::rayDistanceToCollisionReverseTrace(struct Ray3D const &,struct BoundingCube const &,float)" (?rayDistanceToCollisionReverseTrace@VolumeIntersection@Math@@YAMABURay3D@@ABUBoundingCube@@M@Z)
     1>VolumeIntersectionTests.obj : error LNK2001: unresolved external symbol "bool __cdecl Math::VolumeIntersection::pointInBoundingVolume(struct Vector2D const &,struct BoundingBox const &)" (?pointInBoundingVolume@VolumeIntersection@Math@@YA_NABUVector2D@@ABUBoundingBox@@@Z)
     1>VolumeIntersectionTests.obj : error LNK2001: unresolved external symbol "bool __cdecl Math::VolumeIntersection::pointInBoundingVolume(struct Vector2D const &,struct BoundingCircle const &)" (?pointInBoundingVolume@VolumeIntersection@Math@@YA_NABUVector2D@@ABUBoundingCircle@@@Z)
     1>VolumeIntersectionTests.obj : error LNK2001: unresolved external symbol "bool __cdecl Math::VolumeIntersection::pointInBoundingVolume(struct Vector3D const &,struct BoundingSphere const &)" (?pointInBoundingVolume@VolumeIntersection@Math@@YA_NABUVector3D@@ABUBoundingSphere@@@Z)
     1>VolumeIntersectionTests.obj : error LNK2001: unresolved external symbol "bool __cdecl Math::VolumeIntersection::pointInBoundingVolume(struct Vector3D const &,struct BoundingCube const &)" (?pointInBoundingVolume@VolumeIntersection@Math@@YA_NABUVector3D@@ABUBoundingCube@@@Z)
     1>C:\Users\Josh\Desktop\JoshMathsGitRepo\JoshMaths\Release\JoshMathsUnitTest.dll : fatal error LNK1120: 34 unresolved externals
     1>Done Building Project "C:\Users\Josh\Desktop\JoshMathsGitRepo\JoshMaths\JoshMathsUnitTest\JoshMathsUnitTest.vcxproj" (Build target(s)) -- FAILED.

Build FAILED.

Time Elapsed 00:00:00.31
